<?xml version="1.0" encoding="UTF-8"?>
<testsuite xmlns:xsi="http://www.w3.org/2001/XMLSchema-instance" xsi:noNamespaceSchemaLocation="https://maven.apache.org/surefire/maven-surefire-plugin/xsd/surefire-test-report.xsd" name="labs.FlatTest" time="0.081" tests="7" errors="0" skipped="0" failures="0">
  <properties>
[...]
</properties>
  <testcase name="min_area_except" classname="labs.FlatTest" time="0.045"/>
  <testcase name="min_area_fourth" classname="labs.FlatTest" time="0.004"/>
  <testcase name="min_area_second" classname="labs.FlatTest" time="0.002"/>
  <testcase name="flat_init" classname="labs.FlatTest" time="0.002"/>
  <testcase name="min_area_first" classname="labs.FlatTest" time="0.001"/>
  <testcase name="min_area_third" classname="labs.FlatTest" time="0.002"/>
  <testcase name="average_area" classname="labs.FlatTest" time="0.002"/>
</testsuite>